{"uuid":"45d4fdd7-7ece-47d0-8055-632bc26a6edc","historyId":"ed62d953e4497f7928f9f5b22652b385","fullName":"sites.selenidetests.SelenideTests.pictureTest","labels":[{"name":"package","value":"sites.selenidetests"},{"name":"testClass","value":"sites.selenidetests.SelenideTests"},{"name":"testMethod","value":"pictureTest"},{"name":"suite","value":"sites.selenidetests.SelenideTests"},{"name":"host","value":"DESKTOP-CBBBATU"},{"name":"thread","value":"9044@DESKTOP-CBBBATU.main(1)"},{"name":"framework","value":"junit4"},{"name":"language","value":"java"}],"links":[],"name":"pictureTest","status":"broken","statusDetails":{"known":false,"muted":false,"flaky":false,"message":"File not found: C:\\Users\\ANoctrum\\Downloads\\fyZhEe4AW7o.jpg","trace":"java.lang.IllegalArgumentException: File not found: C:\\Users\\ANoctrum\\Downloads\\fyZhEe4AW7o.jpg\r\n\tat com.codeborne.selenide.commands.UploadFile.checkFilesExist(UploadFile.java:55)\r\n\tat com.codeborne.selenide.commands.UploadFile.execute(UploadFile.java:35)\r\n\tat com.codeborne.selenide.commands.UploadFile.execute(UploadFile.java:25)\r\n\tat com.codeborne.selenide.commands.Commands.execute(Commands.java:157)\r\n\tat com.codeborne.selenide.impl.SelenideElementProxy.dispatchAndRetry(SelenideElementProxy.java:134)\r\n\tat com.codeborne.selenide.impl.SelenideElementProxy.invoke(SelenideElementProxy.java:86)\r\n\tat com.sun.proxy.$Proxy11.uploadFile(Unknown Source)\r\n\tat sites.selenidetests.AboutMePage.putPicture(AboutMePage.java:15)\r\n\tat sites.selenidetests.SelenideTests.pictureTest(SelenideTests.java:77)\r\n\tat sun.reflect.NativeMethodAccessorImpl.invoke0(Native Method)\r\n\tat sun.reflect.NativeMethodAccessorImpl.invoke(NativeMethodAccessorImpl.java:62)\r\n\tat sun.reflect.DelegatingMethodAccessorImpl.invoke(DelegatingMethodAccessorImpl.java:43)\r\n\tat java.lang.reflect.Method.invoke(Method.java:498)\r\n\tat org.junit.runners.model.FrameworkMethod$1.runReflectiveCall(FrameworkMethod.java:59)\r\n\tat org.junit.internal.runners.model.ReflectiveCallable.run(ReflectiveCallable.java:12)\r\n\tat org.junit.runners.model.FrameworkMethod.invokeExplosively(FrameworkMethod.java:56)\r\n\tat org.junit.internal.runners.statements.InvokeMethod.evaluate(InvokeMethod.java:17)\r\n\tat org.junit.internal.runners.statements.RunBefores.evaluate(RunBefores.java:26)\r\n\tat org.junit.internal.runners.statements.RunAfters.evaluate(RunAfters.java:27)\r\n\tat org.junit.runners.ParentRunner$3.evaluate(ParentRunner.java:306)\r\n\tat org.junit.runners.BlockJUnit4ClassRunner$1.evaluate(BlockJUnit4ClassRunner.java:100)\r\n\tat org.junit.runners.ParentRunner.runLeaf(ParentRunner.java:366)\r\n\tat org.junit.runners.BlockJUnit4ClassRunner.runChild(BlockJUnit4ClassRunner.java:103)\r\n\tat org.junit.runners.BlockJUnit4ClassRunner.runChild(BlockJUnit4ClassRunner.java:63)\r\n\tat org.junit.runners.ParentRunner$4.run(ParentRunner.java:331)\r\n\tat org.junit.runners.ParentRunner$1.schedule(ParentRunner.java:79)\r\n\tat org.junit.runners.ParentRunner.runChildren(ParentRunner.java:329)\r\n\tat org.junit.runners.ParentRunner.access$100(ParentRunner.java:66)\r\n\tat org.junit.runners.ParentRunner$2.evaluate(ParentRunner.java:293)\r\n\tat org.junit.internal.runners.statements.RunBefores.evaluate(RunBefores.java:26)\r\n\tat org.junit.runners.ParentRunner$3.evaluate(ParentRunner.java:306)\r\n\tat org.junit.runners.ParentRunner.run(ParentRunner.java:413)\r\n\tat org.apache.maven.surefire.junit4.JUnit4Provider.execute(JUnit4Provider.java:365)\r\n\tat org.apache.maven.surefire.junit4.JUnit4Provider.executeWithRerun(JUnit4Provider.java:272)\r\n\tat org.apache.maven.surefire.junit4.JUnit4Provider.executeTestSet(JUnit4Provider.java:236)\r\n\tat org.apache.maven.surefire.junit4.JUnit4Provider.invoke(JUnit4Provider.java:159)\r\n\tat org.apache.maven.surefire.booter.ForkedBooter.invokeProviderInSameClassLoader(ForkedBooter.java:386)\r\n\tat org.apache.maven.surefire.booter.ForkedBooter.runSuitesInProcess(ForkedBooter.java:323)\r\n\tat org.apache.maven.surefire.booter.ForkedBooter.main(ForkedBooter.java:143)\r\n"},"stage":"finished","steps":[{"name":"$(\"open\") https://kpfu.ru/","status":"passed","stage":"finished","steps":[],"attachments":[],"parameters":[],"start":1646249528461,"stop":1646249540928},{"name":"$(\"By.xpath: //*[@id=\"top-panel\"]/div[1]/div[1]/a\") click()","status":"passed","stage":"finished","steps":[],"attachments":[],"parameters":[],"start":1646249541197,"stop":1646249541660},{"name":"$(\"By.name: p_login\") should(exist)","status":"passed","stage":"finished","steps":[],"attachments":[],"parameters":[],"start":1646249541666,"stop":1646249541795},{"name":"$(\"By.name: p_login\") val(EMZadorkina)","status":"passed","stage":"finished","steps":[],"attachments":[],"parameters":[],"start":1646249541795,"stop":1646249542087},{"name":"$(\"By.name: p_pass\") should(exist)","status":"passed","stage":"finished","steps":[],"attachments":[],"parameters":[],"start":1646249542088,"stop":1646249542160},{"name":"$(\"By.name: p_pass\") val(8zj7hpyb)","status":"passed","stage":"finished","steps":[],"attachments":[],"parameters":[],"start":1646249542160,"stop":1646249542436},{"name":"$(\"By.xpath: //*[@id=\"eu_enter\"]/input[3]\") click()","status":"passed","stage":"finished","steps":[],"attachments":[],"parameters":[],"start":1646249542436,"stop":1646249550652},{"name":"$(\"By.xpath: //*[@id=\"under-slider-menu\"]/div/a[2]\") should(exist)","status":"passed","stage":"finished","steps":[],"attachments":[],"parameters":[],"start":1646249551398,"stop":1646249551468},{"name":"$(\"By.xpath: //*[@id=\"under-slider-menu\"]/div/a[2]\") click()","status":"passed","stage":"finished","steps":[],"attachments":[],"parameters":[],"start":1646249551468,"stop":1646249553982},{"name":"Загрузка картинки на сайт","status":"broken","statusDetails":{"known":false,"muted":false,"flaky":false,"message":"File not found: C:\\Users\\ANoctrum\\Downloads\\fyZhEe4AW7o.jpg","trace":"java.lang.IllegalArgumentException: File not found: C:\\Users\\ANoctrum\\Downloads\\fyZhEe4AW7o.jpg\r\n\tat com.codeborne.selenide.commands.UploadFile.checkFilesExist(UploadFile.java:55)\r\n\tat com.codeborne.selenide.commands.UploadFile.execute(UploadFile.java:35)\r\n\tat com.codeborne.selenide.commands.UploadFile.execute(UploadFile.java:25)\r\n\tat com.codeborne.selenide.commands.Commands.execute(Commands.java:157)\r\n\tat com.codeborne.selenide.impl.SelenideElementProxy.dispatchAndRetry(SelenideElementProxy.java:134)\r\n\tat com.codeborne.selenide.impl.SelenideElementProxy.invoke(SelenideElementProxy.java:86)\r\n\tat com.sun.proxy.$Proxy11.uploadFile(Unknown Source)\r\n\tat sites.selenidetests.AboutMePage.putPicture(AboutMePage.java:15)\r\n\tat sites.selenidetests.SelenideTests.pictureTest(SelenideTests.java:77)\r\n\tat sun.reflect.NativeMethodAccessorImpl.invoke0(Native Method)\r\n\tat sun.reflect.NativeMethodAccessorImpl.invoke(NativeMethodAccessorImpl.java:62)\r\n\tat sun.reflect.DelegatingMethodAccessorImpl.invoke(DelegatingMethodAccessorImpl.java:43)\r\n\tat java.lang.reflect.Method.invoke(Method.java:498)\r\n\tat org.junit.runners.model.FrameworkMethod$1.runReflectiveCall(FrameworkMethod.java:59)\r\n\tat org.junit.internal.runners.model.ReflectiveCallable.run(ReflectiveCallable.java:12)\r\n\tat org.junit.runners.model.FrameworkMethod.invokeExplosively(FrameworkMethod.java:56)\r\n\tat org.junit.internal.runners.statements.InvokeMethod.evaluate(InvokeMethod.java:17)\r\n\tat org.junit.internal.runners.statements.RunBefores.evaluate(RunBefores.java:26)\r\n\tat org.junit.internal.runners.statements.RunAfters.evaluate(RunAfters.java:27)\r\n\tat org.junit.runners.ParentRunner$3.evaluate(ParentRunner.java:306)\r\n\tat org.junit.runners.BlockJUnit4ClassRunner$1.evaluate(BlockJUnit4ClassRunner.java:100)\r\n\tat org.junit.runners.ParentRunner.runLeaf(ParentRunner.java:366)\r\n\tat org.junit.runners.BlockJUnit4ClassRunner.runChild(BlockJUnit4ClassRunner.java:103)\r\n\tat org.junit.runners.BlockJUnit4ClassRunner.runChild(BlockJUnit4ClassRunner.java:63)\r\n\tat org.junit.runners.ParentRunner$4.run(ParentRunner.java:331)\r\n\tat org.junit.runners.ParentRunner$1.schedule(ParentRunner.java:79)\r\n\tat org.junit.runners.ParentRunner.runChildren(ParentRunner.java:329)\r\n\tat org.junit.runners.ParentRunner.access$100(ParentRunner.java:66)\r\n\tat org.junit.runners.ParentRunner$2.evaluate(ParentRunner.java:293)\r\n\tat org.junit.internal.runners.statements.RunBefores.evaluate(RunBefores.java:26)\r\n\tat org.junit.runners.ParentRunner$3.evaluate(ParentRunner.java:306)\r\n\tat org.junit.runners.ParentRunner.run(ParentRunner.java:413)\r\n\tat org.apache.maven.surefire.junit4.JUnit4Provider.execute(JUnit4Provider.java:365)\r\n\tat org.apache.maven.surefire.junit4.JUnit4Provider.executeWithRerun(JUnit4Provider.java:272)\r\n\tat org.apache.maven.surefire.junit4.JUnit4Provider.executeTestSet(JUnit4Provider.java:236)\r\n\tat org.apache.maven.surefire.junit4.JUnit4Provider.invoke(JUnit4Provider.java:159)\r\n\tat org.apache.maven.surefire.booter.ForkedBooter.invokeProviderInSameClassLoader(ForkedBooter.java:386)\r\n\tat org.apache.maven.surefire.booter.ForkedBooter.runSuitesInProcess(ForkedBooter.java:323)\r\n\tat org.apache.maven.surefire.booter.ForkedBooter.main(ForkedBooter.java:143)\r\n"},"stage":"finished","steps":[{"name":"$(\"By.xpath: //*[@id=\"info\"]/div/div[1]/div[1]/div[1]/form/div[1]/input\") upload file(C:\\Users\\ANoctrum\\Downloads\\fyZhEe4AW7o.jpg)","status":"broken","statusDetails":{"known":false,"muted":false,"flaky":false,"message":"File not found: C:\\Users\\ANoctrum\\Downloads\\fyZhEe4AW7o.jpg","trace":"java.lang.IllegalArgumentException: File not found: C:\\Users\\ANoctrum\\Downloads\\fyZhEe4AW7o.jpg\r\n\tat com.codeborne.selenide.commands.UploadFile.checkFilesExist(UploadFile.java:55)\r\n\tat com.codeborne.selenide.commands.UploadFile.execute(UploadFile.java:35)\r\n\tat com.codeborne.selenide.commands.UploadFile.execute(UploadFile.java:25)\r\n\tat com.codeborne.selenide.commands.Commands.execute(Commands.java:157)\r\n\tat com.codeborne.selenide.impl.SelenideElementProxy.dispatchAndRetry(SelenideElementProxy.java:134)\r\n\tat com.codeborne.selenide.impl.SelenideElementProxy.invoke(SelenideElementProxy.java:86)\r\n\tat com.sun.proxy.$Proxy11.uploadFile(Unknown Source)\r\n\tat sites.selenidetests.AboutMePage.putPicture(AboutMePage.java:15)\r\n\tat sites.selenidetests.SelenideTests.pictureTest(SelenideTests.java:77)\r\n\tat sun.reflect.NativeMethodAccessorImpl.invoke0(Native Method)\r\n\tat sun.reflect.NativeMethodAccessorImpl.invoke(NativeMethodAccessorImpl.java:62)\r\n\tat sun.reflect.DelegatingMethodAccessorImpl.invoke(DelegatingMethodAccessorImpl.java:43)\r\n\tat java.lang.reflect.Method.invoke(Method.java:498)\r\n\tat org.junit.runners.model.FrameworkMethod$1.runReflectiveCall(FrameworkMethod.java:59)\r\n\tat org.junit.internal.runners.model.ReflectiveCallable.run(ReflectiveCallable.java:12)\r\n\tat org.junit.runners.model.FrameworkMethod.invokeExplosively(FrameworkMethod.java:56)\r\n\tat org.junit.internal.runners.statements.InvokeMethod.evaluate(InvokeMethod.java:17)\r\n\tat org.junit.internal.runners.statements.RunBefores.evaluate(RunBefores.java:26)\r\n\tat org.junit.internal.runners.statements.RunAfters.evaluate(RunAfters.java:27)\r\n\tat org.junit.runners.ParentRunner$3.evaluate(ParentRunner.java:306)\r\n\tat org.junit.runners.BlockJUnit4ClassRunner$1.evaluate(BlockJUnit4ClassRunner.java:100)\r\n\tat org.junit.runners.ParentRunner.runLeaf(ParentRunner.java:366)\r\n\tat org.junit.runners.BlockJUnit4ClassRunner.runChild(BlockJUnit4ClassRunner.java:103)\r\n\tat org.junit.runners.BlockJUnit4ClassRunner.runChild(BlockJUnit4ClassRunner.java:63)\r\n\tat org.junit.runners.ParentRunner$4.run(ParentRunner.java:331)\r\n\tat org.junit.runners.ParentRunner$1.schedule(ParentRunner.java:79)\r\n\tat org.junit.runners.ParentRunner.runChildren(ParentRunner.java:329)\r\n\tat org.junit.runners.ParentRunner.access$100(ParentRunner.java:66)\r\n\tat org.junit.runners.ParentRunner$2.evaluate(ParentRunner.java:293)\r\n\tat org.junit.internal.runners.statements.RunBefores.evaluate(RunBefores.java:26)\r\n\tat org.junit.runners.ParentRunner$3.evaluate(ParentRunner.java:306)\r\n\tat org.junit.runners.ParentRunner.run(ParentRunner.java:413)\r\n\tat org.apache.maven.surefire.junit4.JUnit4Provider.execute(JUnit4Provider.java:365)\r\n\tat org.apache.maven.surefire.junit4.JUnit4Provider.executeWithRerun(JUnit4Provider.java:272)\r\n\tat org.apache.maven.surefire.junit4.JUnit4Provider.executeTestSet(JUnit4Provider.java:236)\r\n\tat org.apache.maven.surefire.junit4.JUnit4Provider.invoke(JUnit4Provider.java:159)\r\n\tat org.apache.maven.surefire.booter.ForkedBooter.invokeProviderInSameClassLoader(ForkedBooter.java:386)\r\n\tat org.apache.maven.surefire.booter.ForkedBooter.runSuitesInProcess(ForkedBooter.java:323)\r\n\tat org.apache.maven.surefire.booter.ForkedBooter.main(ForkedBooter.java:143)\r\n"},"stage":"finished","steps":[],"attachments":[{"name":"Screenshot","source":"aa5a9905-ef1f-4a43-8d6b-7778e6be1717-attachment.png","type":"image/png"},{"name":"Page source","source":"e3ed05f0-660e-40f9-8966-c0983a0b2b06-attachment.html","type":"text/html"}],"parameters":[],"start":1646249554157,"stop":1646249556147}],"attachments":[],"parameters":[],"start":1646249554157,"stop":1646249556152},{"name":"$(\"by text: Выход\") should(exist)","status":"passed","stage":"finished","steps":[],"attachments":[],"parameters":[],"start":1646249556156,"stop":1646249556246},{"name":"$(\"by text: Выход\") click()","status":"passed","stage":"finished","steps":[],"attachments":[],"parameters":[],"start":1646249556246,"stop":1646249559161}],"attachments":[],"parameters":[],"start":1646249527857,"stop":1646249559200}